(0000) 3000  0011000000000000 (   1)                 .ORIG x3000
(3000) 2209  0010001000001001 (   4)                 LD    R1 VALUE
(3001) 5461  0101010001100001 (   7)                 AND   R2 R1 #1
(3002) 0403  0000010000000011 (   8)                 BRZ   EVEN
(3003) E00C  1110000000001100 (  12) ODD             LEA   R0 ODD_MSG
(3004) F022  1111000000100010 (  13)                 TRAP  x22
(3005) 0E03  0000111000000011 (  14)                 BRNZP DONE
(3006) E004  1110000000000100 (  18) EVEN            LEA   R0 EVEN_MSG
(3007) F022  1111000000100010 (  19)                 TRAP  x22
(3008) 0E00  0000111000000000 (  20)                 BRNZP DONE
(3009) F025  1111000000100101 (  23) DONE            TRAP  x25
(300A) 000D  0000000000001101 (  26) VALUE           .FILL x000D
(300B) 0045  0000000001000101 (  27) EVEN_MSG        .FILL x0045
(300C) 0056  0000000001010110 (  27)                 .FILL x0056
(300D) 0045  0000000001000101 (  27)                 .FILL x0045
(300E) 004E  0000000001001110 (  27)                 .FILL x004E
(300F) 0000  0000000000000000 (  27)                 .FILL x0000
(3010) 004F  0000000001001111 (  28) ODD_MSG         .FILL x004F
(3011) 0044  0000000001000100 (  28)                 .FILL x0044
(3012) 0044  0000000001000100 (  28)                 .FILL x0044
(3013) 0000  0000000000000000 (  28)                 .FILL x0000
